Change Component Designator: OldDesignator=B? NewDesignator=B2
Change Component Designator: OldDesignator=C? NewDesignator=C6
Change Component Designator: OldDesignator=L? NewDesignator=L1
Change Component Designator: OldDesignator=R? NewDesignator=R1
Change Component Designator: OldDesignator=R? NewDesignator=R2
Added Pin To Net: NetName=NetB1_6 Pin=B2-3
Added Pin To Net: NetName=GND Pin=B2-4
Added Pin To Net: NetName=+5 Pin=B2-7
Added Pin To Net: NetName=NetC7_1 Pin=C7-1
Added Pin To Net: NetName=tune_in Pin=C7-2
Added Pin To Net: NetName=right_in Pin=C8-1
Added Pin To Net: NetName=bias + rsig Pin=C8-2
Added Pin To Net: NetName=tune_in Pin=D3-1
Added Pin To Net: NetName=GND Pin=D3-2
Added Pin To Net: NetName=osc_inductor Pin=L1-1
Added Pin To Net: NetName=GND Pin=L1-2
Added Pin To Net: NetName=GND Pin=R2-1
Added Pin To Net: NetName=+5 Pin=R16-1
Added Pin To Net: NetName=NetR16_2 Pin=R16-2
Added Pin To Net: NetName=NetR17_1 Pin=R17-1
Added Pin To Net: NetName=tune_in Pin=R17-2
Added Pin To Net: NetName=NetR16_2 Pin=R18-1
Added Pin To Net: NetName=NetR18_2 Pin=R18-2
Added Pin To Net: NetName=GND Pin=R18-3
Added Pin To Net: NetName=NetR18_2 Pin=R19-1
Added Pin To Net: NetName=NetR17_1 Pin=R19-2
Added Pin To Net: NetName=feedback Pin=U1-2
Added Pin To Net: NetName=GND Pin=U1-3
Added Pin To Net: NetName=+9 Pin=U1-4
Added Pin To Net: NetName=GND Pin=U1-5
Added Pin To Net: NetName=+9 Pin=U1-6
Added Pin To Net: NetName=GND Pin=U1-7
Added Pin To Net: NetName=NetC7_1 Pin=U2-1
Added Pin To Net: NetName=NetC7_1 Pin=U2-2
Added Pin To Net: NetName=NetC5_1 Pin=U2-3
Added Pin To Net: NetName=GND Pin=U2-4
Added Pin To Net: NetName=+5 Pin=U2-8
Added Pin To Net: NetName=NetB2_2 Pin=B2-2
Added Pin To Net: NetName=NetB2_2 Pin=R1-1
Added Pin To Net: NetName=NetB2_2 Pin=R2-2
Added Net: Name=NetB2_2
Added Pin To Net: NetName=NetB2_6 Pin=B2-6
Added Pin To Net: NetName=NetB2_6 Pin=C6-1
Added Pin To Net: NetName=NetB2_6 Pin=R1-2
Added Net: Name=NetB2_6
Added Pin To Net: NetName=NetC6_2 Pin=C6-2
Added Pin To Net: NetName=NetC6_2 Pin=J2-1
Added Net: Name=NetC6_2
