Removed Pin From Net: NetName=+5 Pin=U1-1
Removed Pin From Net: NetName=feedback Pin=U1-3
Removed Pin From Net: NetName=GND Pin=U1-4
Removed Pin From Net: NetName=+9 Pin=U1-5
Removed Pin From Net: NetName=GND Pin=U1-6
Removed Pin From Net: NetName=+9 Pin=U1-8
Removed Pin From Net: NetName=GND Pin=U1-9
Change Component Footprint: Designator=Q2 Old Footprint=SOT95P240X115-3N New Footprint=ON_Semi_318-08_MFG
Change Component Comment : Designator=Q2 Old Comment=SS8050-G New Comment=BC847BLT1G
Change Managed Component Library Link : Designator=Q2 Old VaultGUID=42119E6A-A792-448A-89F8-8404BE717414 New VaultGUID=B7D15EC3-160A-466F-A46C-7801FE6295A7 Old ItemGUID=E7FC9929-3101-48D4-813A-C16A6545A408 New ItemGUID=36B4DC88-08F1-4F54-8EE2-CFDA1F447018 Old RevisionGUID=7B22B2B9-CC4D-4144-A1DE-29E1A3E0167A New RevisionGUID=A5533EDE-A1F8-4F79-A01B-036F31453DBF
Change component parameters: Designator = "Q2" ("Q2"); Footprint = "SOT95P240X115-3N"; UniqueID = "\WSUQGTRK" ("\WSUQGTRK")
Change component parameters (AddParameter): Name = "Case/Package"; Value = "SOT-23-3"; VariantName = "[No Variations]"
Change component parameters (AddParameter): Name = "Collector Base Voltage (VCBO)"; Value = "50V"; VariantName = "[No Variations]"
Change component parameters (AddParameter): Name = "Collector Emitter Breakdown Voltage"; Value = "45V"; VariantName = "[No Variations]"
Change component parameters (AddParameter): Name = "Collector Emitter Saturation Voltage"; Value = "600mV"; VariantName = "[No Variations]"
Change component parameters (AddParameter): Name = "Collector Emitter Voltage (VCEO)"; Value = "45V"; VariantName = "[No Variations]"
Change component parameters (AddParameter): Name = "Contact Plating"; Value = "Tin"; VariantName = "[No Variations]"
Change component parameters (AddParameter): Name = "Current Rating"; Value = "100mA"; VariantName = "[No Variations]"
Change component parameters (AddParameter): Name = "Element Configuration"; Value = "Single"; VariantName = "[No Variations]"
Change component parameters (AddParameter): Name = "Emitter Base Voltage (VEBO)"; Value = "6V"; VariantName = "[No Variations]"
Change component parameters (AddParameter): Name = "Frequency"; Value = "100MHz"; VariantName = "[No Variations]"
Change component parameters (AddParameter): Name = "Gain Bandwidth Product"; Value = "100MHz"; VariantName = "[No Variations]"
Change component parameters (AddParameter): Name = "Halogen Free"; Value = "Halogen Free"; VariantName = "[No Variations]"
Change component parameters (AddParameter): Name = "Height"; Value = "1.016mm"; VariantName = "[No Variations]"
Change component parameters (AddParameter): Name = "hFE Min"; Value = "200"; VariantName = "[No Variations]"
Change component parameters (AddParameter): Name = "Lead Free"; Value = "Lead Free"; VariantName = "[No Variations]"
Change component parameters (AddParameter): Name = "Length"; Value = "3.0226mm"; VariantName = "[No Variations]"
Change component parameters (AddParameter): Name = "Lifecycle Status"; Value = "Production"; VariantName = "[No Variations]"
Change component parameters (AddParameter): Name = "Manufacturer Lifecycle Status"; Value = "ACTIVE"; VariantName = "[No Variations]"
Change component parameters (AddParameter): Name = "Max Breakdown Voltage"; Value = "45V"; VariantName = "[No Variations]"
Change component parameters (AddParameter): Name = "Max Collector Current"; Value = "100mA"; VariantName = "[No Variations]"
Change component parameters (AddParameter): Name = "Max Frequency"; Value = "100MHz"; VariantName = "[No Variations]"
Change component parameters (AddParameter): Name = "Max Junction Temperature (Tj)"; Value = "150°C"; VariantName = "[No Variations]"
Change component parameters (AddParameter): Name = "Max Operating Temperature"; Value = "150°C"; VariantName = "[No Variations]"
Change component parameters (AddParameter): Name = "Max Power Dissipation"; Value = "300mW"; VariantName = "[No Variations]"
Change component parameters (AddParameter): Name = "Min Operating Temperature"; Value = "-55°C"; VariantName = "[No Variations]"
Change component parameters (AddParameter): Name = "NexarPartId"; Value = "129565"; VariantName = "[No Variations]"
Change component parameters (AddParameter): Name = "Number of Elements"; Value = "1"; VariantName = "[No Variations]"
Change component parameters (AddParameter): Name = "Number of Pins"; Value = "3"; VariantName = "[No Variations]"
Change component parameters (AddParameter): Name = "Packaging"; Value = "Cut Tape"; VariantName = "[No Variations]"
Change component parameters (AddParameter): Name = "Polarity"; Value = "NPN"; VariantName = "[No Variations]"
Change component parameters (AddParameter): Name = "Power Dissipation"; Value = "300mW"; VariantName = "[No Variations]"
Change component parameters (AddParameter): Name = "Radiation Hardening"; Value = "No"; VariantName = "[No Variations]"
Change component parameters (AddParameter): Name = "REACH SVHC"; Value = "No SVHC"; VariantName = "[No Variations]"
Change component parameters (AddParameter): Name = "RoHS"; Value = "Compliant"; VariantName = "[No Variations]"
Change component parameters (AddParameter): Name = "Schedule B"; Value = "8541210080"; VariantName = "[No Variations]"
Change component parameters (AddParameter): Name = "Transition Frequency"; Value = "100MHz"; VariantName = "[No Variations]"
Change component parameters (AddParameter): Name = "Type"; Value = "General Purpose"; VariantName = "[No Variations]"
Change component parameters (AddParameter): Name = "Voltage Rating (DC)"; Value = "45V"; VariantName = "[No Variations]"
Change component parameters (AddParameter): Name = "Width"; Value = "1.397mm"; VariantName = "[No Variations]"
Added Component: Designator=B2(SON50P300X200X100-9N-D)
Add component (AddParameter): Name = "Datasheet Link"; Value = "https://www.maxlinear.com/ds/spx3819.pdf"; VariantName = "[No Variations]"
Add component (AddParameter): Name = "Geometry.Height"; Value = "1mm"; VariantName = "[No Variations]"
Add component (AddParameter): Name = "Manufacturer_Name"; Value = "MaxLinear, Inc."; VariantName = "[No Variations]"
Add component (AddParameter): Name = "Manufacturer_Part_Number"; Value = "SPX3819R2-L/TR"; VariantName = "[No Variations]"
Add component (AddParameter): Name = "Mouser Part Number"; Value = "701-SPX3819R2-L/TR"; VariantName = "[No Variations]"
Add component (AddParameter): Name = "Mouser Price/Stock"; Value = "https://www.mouser.co.uk/ProductDetail/MaxLinear/SPX3819R2-L-TR?qs=S%2FCBhQS5rCoMZnuzaRtXvA%3D%3D"; VariantName = "[No Variations]"
Added Component: Designator=Q3(JSCJ-TO-92-3_V)
Add component (AddParameter): Name = "Case/Package"; Value = "TO-92-3"; VariantName = "[No Variations]"
Add component (AddParameter): Name = "Datasheet URL"; Value = "http://www.cj-elec.com/txUpfile/20121910315050632.pdf"; VariantName = "[No Variations]"
Add component (AddParameter): Name = "Datasheet Version"; Value = "Rev. B, 11/2011"; VariantName = "[No Variations]"
Add component (AddParameter): Name = "Frequency"; Value = ""; VariantName = "[No Variations]"
Add component (AddParameter): Name = "Manufacturer"; Value = "Jiangsu Changjiang Electronics Technology"; VariantName = "[No Variations]"
Add component (AddParameter): Name = "Max Operating Temperature"; Value = ""; VariantName = "[No Variations]"
Add component (AddParameter): Name = "Min Operating Temperature"; Value = ""; VariantName = "[No Variations]"
Add component (AddParameter): Name = "Mounting Technology"; Value = "TH"; VariantName = "[No Variations]"
Add component (AddParameter): Name = "Nominal Dual Supply"; Value = ""; VariantName = "[No Variations]"
Add component (AddParameter): Name = "Nominal Vgs"; Value = ""; VariantName = "[No Variations]"
Add component (AddParameter): Name = "Package Description"; Value = "3-Pin Through Hole Device, Height 4.7 mm, Pitch 2.3 mm"; VariantName = "[No Variations]"
Add component (AddParameter): Name = "Package Reference"; Value = "TO-92-3"; VariantName = "[No Variations]"
Add component (AddParameter): Name = "Pins"; Value = ""; VariantName = "[No Variations]"
Add component (AddParameter): Name = "Power"; Value = ""; VariantName = "[No Variations]"
Add component (AddParameter): Name = "RoHS Compliant"; Value = "False"; VariantName = "[No Variations]"
Add component (AddParameter): Name = "Transistor Type"; Value = ""; VariantName = "[No Variations]"
Add component (AddParameter): Name = "Vgs (Max)"; Value = ""; VariantName = "[No Variations]"
Add component (AddParameter): Name = "Vgs(th) (Max) @ Id"; Value = ""; VariantName = "[No Variations]"
Added Pin To Net: NetName=+9 Pin=B2-1
Added Pin To Net: NetName=+9 Pin=B2-2
Added Pin To Net: NetName=+5 Pin=B2-5
Added Pin To Net: NetName=GND Pin=B2-7
Added Pin To Net: NetName=feedback Pin=B2-8
Added Pin To Net: NetName=GND Pin=B2-9
